<?xml version="1.0" encoding="UTF-8"?><testsuite errors="1" failures="0" name="Usuario realiza un crédito" skipped="0" tests="1" time="45.35" timestamp="2021-01-26 02:07:56"><testcase name="Usuario puede realizar credito"><error type="java.lang.NullPointerException"/><system-err>null&#13;
co.com.proyectobase.screenplay.tasks.Abrir.performAs(Abrir.java:52)&#13;
co.com.proyectobase.screenplay.stepdefinitions.LiquidacionCreditoDefinition.elUsuarioSeEncuentraEnLaPaginaDelCESDE(LiquidacionCreditoDefinition.java:30)&#13;
✽.El usuario se encuentra en la pagina del CESDE(src/test/resources/features/liquidacion_credito.feature:6)&#13;
</system-err></testcase></testsuite>